0 verbose cli C:\Program Files\nodejs\node.exe C:\Program Files\nodejs\node_modules\npm\bin\npm-cli.js
1 info using npm@10.9.2
2 info using node@v23.6.1
3 silly config load:file:C:\Program Files\nodejs\node_modules\npm\npmrc
4 silly config load:file:C:\Users\Avi\.npmrc
5 silly config load:file:C:\Users\Avi\OneDrive\Desktop\projects\profile-md-maker\UsersAviAppDataRoamingnpm\etc\npmrc
6 verbose title npm install mathjs
7 verbose argv "install" "mathjs"
8 verbose logfile logs-max:10 dir:C:\Users\Avi\OneDrive\Desktop\projects\profile-md-maker\UsersAviAppDataLocalnpm-cache\_logs\2025-08-27T07_43_41_136Z-
9 verbose logfile C:\Users\Avi\OneDrive\Desktop\projects\profile-md-maker\UsersAviAppDataLocalnpm-cache\_logs\2025-08-27T07_43_41_136Z-debug-0.log
10 silly logfile done cleaning log files
11 silly packumentCache heap:2197815296 maxSize:549453824 maxEntrySize:274726912
12 silly idealTree buildDeps
13 silly fetch manifest mathjs@*
14 silly packumentCache full:https://registry.npmjs.org/mathjs cache-miss
15 http fetch GET 200 https://registry.npmjs.org/npm 449ms
16 http fetch GET 200 https://registry.npmjs.org/mathjs 324ms (cache miss)
17 silly packumentCache full:https://registry.npmjs.org/mathjs set size:undefined disposed:false
18 silly placeDep ROOT mathjs@14.6.0 OK for:  want: *
19 silly fetch manifest @babel/runtime@^7.26.10
20 silly packumentCache full:https://registry.npmjs.org/@babel%2fruntime cache-miss
21 silly fetch manifest complex.js@^2.2.5
22 silly packumentCache full:https://registry.npmjs.org/complex.js cache-miss
23 silly fetch manifest decimal.js@^10.4.3
24 silly packumentCache full:https://registry.npmjs.org/decimal.js cache-miss
25 silly fetch manifest escape-latex@^1.2.0
26 silly packumentCache full:https://registry.npmjs.org/escape-latex cache-miss
27 silly fetch manifest fraction.js@^5.2.1
28 silly packumentCache full:https://registry.npmjs.org/fraction.js cache-miss
29 silly fetch manifest javascript-natural-sort@^0.7.1
30 silly packumentCache full:https://registry.npmjs.org/javascript-natural-sort cache-miss
31 silly fetch manifest seedrandom@^3.0.5
32 silly packumentCache full:https://registry.npmjs.org/seedrandom cache-miss
33 silly fetch manifest tiny-emitter@^2.1.0
34 silly packumentCache full:https://registry.npmjs.org/tiny-emitter cache-miss
35 silly fetch manifest typed-function@^4.2.1
36 silly packumentCache full:https://registry.npmjs.org/typed-function cache-miss
37 http fetch GET 200 https://registry.npmjs.org/@babel%2fruntime 164ms (cache miss)
38 silly packumentCache full:https://registry.npmjs.org/@babel%2fruntime set size:undefined disposed:false
39 http fetch GET 200 https://registry.npmjs.org/seedrandom 231ms (cache miss)
40 silly packumentCache full:https://registry.npmjs.org/seedrandom set size:undefined disposed:false
41 http fetch GET 200 https://registry.npmjs.org/fraction.js 233ms (cache miss)
42 silly packumentCache full:https://registry.npmjs.org/fraction.js set size:undefined disposed:false
43 http fetch GET 200 https://registry.npmjs.org/javascript-natural-sort 269ms (cache miss)
44 silly packumentCache full:https://registry.npmjs.org/javascript-natural-sort set size:undefined disposed:false
45 http fetch GET 200 https://registry.npmjs.org/tiny-emitter 272ms (cache miss)
46 silly packumentCache full:https://registry.npmjs.org/tiny-emitter set size:undefined disposed:false
47 http fetch GET 200 https://registry.npmjs.org/decimal.js 282ms (cache miss)
48 silly packumentCache full:https://registry.npmjs.org/decimal.js set size:undefined disposed:false
49 http fetch GET 200 https://registry.npmjs.org/complex.js 891ms (cache miss)
50 silly packumentCache full:https://registry.npmjs.org/complex.js set size:undefined disposed:false
51 http fetch GET 200 https://registry.npmjs.org/escape-latex 1020ms (cache miss)
52 silly packumentCache full:https://registry.npmjs.org/escape-latex set size:undefined disposed:false
53 http fetch GET 200 https://registry.npmjs.org/typed-function 1082ms (cache miss)
54 silly packumentCache full:https://registry.npmjs.org/typed-function set size:undefined disposed:false
55 silly placeDep ROOT @babel/runtime@7.28.3 OK for: mathjs@14.6.0 want: ^7.26.10
56 silly placeDep ROOT complex.js@2.4.2 OK for: mathjs@14.6.0 want: ^2.2.5
57 silly placeDep ROOT decimal.js@10.6.0 OK for: mathjs@14.6.0 want: ^10.4.3
58 silly placeDep ROOT escape-latex@1.2.0 OK for: mathjs@14.6.0 want: ^1.2.0
59 silly placeDep node_modules/mathjs fraction.js@5.3.4 OK for: mathjs@14.6.0 want: ^5.2.1
60 silly placeDep ROOT javascript-natural-sort@0.7.1 OK for: mathjs@14.6.0 want: ^0.7.1
61 silly placeDep ROOT seedrandom@3.0.5 OK for: mathjs@14.6.0 want: ^3.0.5
62 silly placeDep ROOT tiny-emitter@2.1.0 OK for: mathjs@14.6.0 want: ^2.1.0
63 silly placeDep ROOT typed-function@4.2.1 OK for: mathjs@14.6.0 want: ^4.2.1
64 silly reify moves {}
65 verbose reify failed optional dependency C:\Users\Avi\node_modules\@tailwindcss\oxide-wasm32-wasi
66 silly reify mark deleted [ 'C:\\Users\\Avi\\node_modules\\@tailwindcss\\oxide-wasm32-wasi' ]
67 silly audit bulk request {
67 silly audit   '@alloc/quick-lru': [ '5.2.0' ],
67 silly audit   '@ampproject/remapping': [ '2.3.0' ],
67 silly audit   '@isaacs/fs-minipass': [ '4.0.1' ],
67 silly audit   '@jridgewell/gen-mapping': [ '0.3.12' ],
67 silly audit   '@jridgewell/resolve-uri': [ '3.1.2' ],
67 silly audit   '@jridgewell/sourcemap-codec': [ '1.5.4' ],
67 silly audit   '@jridgewell/trace-mapping': [ '0.3.29' ],
67 silly audit   '@mongodb-js/saslprep': [ '1.2.2' ],
67 silly audit   '@tailwindcss/node': [ '4.1.11' ],
67 silly audit   '@tailwindcss/oxide': [ '4.1.11' ],
67 silly audit   '@tailwindcss/oxide-android-arm64': [ '4.1.11' ],
67 silly audit   '@tailwindcss/oxide-darwin-arm64': [ '4.1.11' ],
67 silly audit   '@tailwindcss/oxide-darwin-x64': [ '4.1.11' ],
67 silly audit   '@tailwindcss/oxide-freebsd-x64': [ '4.1.11' ],
67 silly audit   '@tailwindcss/oxide-linux-arm-gnueabihf': [ '4.1.11' ],
67 silly audit   '@tailwindcss/oxide-linux-arm64-gnu': [ '4.1.11' ],
67 silly audit   '@tailwindcss/oxide-linux-arm64-musl': [ '4.1.11' ],
67 silly audit   '@tailwindcss/oxide-linux-x64-gnu': [ '4.1.11' ],
67 silly audit   '@tailwindcss/oxide-linux-x64-musl': [ '4.1.11' ],
67 silly audit   '@tailwindcss/oxide-win32-arm64-msvc': [ '4.1.11' ],
67 silly audit   '@tailwindcss/oxide-win32-x64-msvc': [ '4.1.11' ],
67 silly audit   '@tailwindcss/postcss': [ '4.1.11' ],
67 silly audit   '@types/webidl-conversions': [ '7.0.3' ],
67 silly audit   '@types/whatwg-url': [ '11.0.5' ],
67 silly audit   accepts: [ '1.3.8' ],
67 silly audit   anymatch: [ '3.1.3' ],
67 silly audit   'append-field': [ '1.0.0' ],
67 silly audit   'array-flatten': [ '1.1.1' ],
67 silly audit   asynckit: [ '0.4.0' ],
67 silly audit   autoprefixer: [ '10.4.21' ],
67 silly audit   axios: [ '1.10.0' ],
67 silly audit   'balanced-match': [ '1.0.2' ],
67 silly audit   bcryptjs: [ '3.0.2' ],
67 silly audit   'binary-extensions': [ '2.3.0' ],
67 silly audit   'body-parser': [ '2.2.0', '1.20.3' ],
67 silly audit   debug: [ '4.4.1', '2.6.9', '4.4.0' ],
67 silly audit   'media-typer': [ '1.1.0', '0.3.0' ],
67 silly audit   'mime-db': [ '1.54.0', '1.52.0' ],
67 silly audit   'mime-types': [ '3.0.1', '2.1.35' ],
67 silly audit   ms: [ '2.1.3', '2.0.0' ],
67 silly audit   qs: [ '6.14.0', '6.13.0' ],
67 silly audit   'type-is': [ '2.0.1', '1.6.18' ],
67 silly audit   'brace-expansion': [ '1.1.11' ],
67 silly audit   braces: [ '3.0.3' ],
67 silly audit   browserslist: [ '4.24.4' ],
67 silly audit   bson: [ '6.10.3' ],
67 silly audit   'buffer-equal-constant-time': [ '1.0.1' ],
67 silly audit   'buffer-from': [ '1.1.2' ],
67 silly audit   busboy: [ '1.6.0' ],
67 silly audit   bytes: [ '3.1.2' ],
67 silly audit   'call-bind-apply-helpers': [ '1.0.2' ],
67 silly audit   'call-bound': [ '1.0.4' ],
67 silly audit   'caniuse-lite': [ '1.0.30001712' ],
67 silly audit   chokidar: [ '3.6.0' ],
67 silly audit   chownr: [ '3.0.0' ],
67 silly audit   'combined-stream': [ '1.0.8' ],
67 silly audit   'concat-map': [ '0.0.1' ],
67 silly audit   'concat-stream': [ '1.6.2' ],
67 silly audit   'content-disposition': [ '0.5.4' ],
67 silly audit   'content-type': [ '1.0.5' ],
67 silly audit   cookie: [ '0.7.1', '0.7.2', '1.0.2' ],
67 silly audit   'cookie-signature': [ '1.0.6', '1.0.7' ],
67 silly audit   'core-util-is': [ '1.0.3' ],
67 silly audit   cors: [ '2.8.5' ],
67 silly audit   'delayed-stream': [ '1.0.0' ],
67 silly audit   depd: [ '2.0.0' ],
67 silly audit   destroy: [ '1.2.0' ],
67 silly audit   'detect-libc': [ '2.0.4' ],
67 silly audit   dotenv: [ '16.4.7' ],
67 silly audit   'dunder-proto': [ '1.0.1' ],
67 silly audit   'ecdsa-sig-formatter': [ '1.0.11' ],
67 silly audit   'ee-first': [ '1.1.1' ],
67 silly audit   'electron-to-chromium': [ '1.5.135' ],
67 silly audit   encodeurl: [ '2.0.0', '1.0.2' ],
67 silly audit   'enhanced-resolve': [ '5.18.2' ],
67 silly audit   'es-define-property': [ '1.0.1' ],
67 silly audit   'es-errors': [ '1.3.0' ],
67 silly audit   'es-object-atoms': [ '1.1.1' ],
67 silly audit   'es-set-tostringtag': [ '2.1.0' ],
67 silly audit   escalade: [ '3.2.0' ],
67 silly audit   'escape-html': [ '1.0.3' ],
67 silly audit   etag: [ '1.8.1' ],
67 silly audit   express: [ '4.21.2' ],
67 silly audit   'express-session': [ '1.18.1' ],
67 silly audit   'iconv-lite': [ '0.4.24', '0.6.3' ],
67 silly audit   'raw-body': [ '2.5.2', '3.0.0' ],
67 silly audit   'fill-range': [ '7.1.1' ],
67 silly audit   finalhandler: [ '1.3.1' ],
67 silly audit   'follow-redirects': [ '1.15.9' ],
67 silly audit   'form-data': [ '4.0.2' ],
67 silly audit   forwarded: [ '0.2.0' ],
67 silly audit   'fraction.js': [ '4.3.7', '5.3.4' ],
67 silly audit   'framer-motion': [ '12.18.1' ],
67 silly audit   fresh: [ '0.5.2' ],
67 silly audit   fsevents: [ '2.3.3' ],
67 silly audit   'function-bind': [ '1.1.2' ],
67 silly audit   'get-intrinsic': [ '1.3.0' ],
67 silly audit   'get-proto': [ '1.0.1' ],
67 silly audit   'glob-parent': [ '5.1.2' ],
67 silly audit   gopd: [ '1.2.0' ],
67 silly audit   'graceful-fs': [ '4.2.11' ],
67 silly audit   'has-flag': [ '3.0.0' ],
67 silly audit   'has-symbols': [ '1.1.0' ],
67 silly audit   'has-tostringtag': [ '1.0.2' ],
67 silly audit   hasown: [ '2.0.2' ],
67 silly audit   'http-errors': [ '2.0.0' ],
67 silly audit   'ignore-by-default': [ '1.0.1' ],
67 silly audit   inherits: [ '2.0.4' ],
67 silly audit   'ipaddr.js': [ '1.9.1' ],
67 silly audit   'is-binary-path': [ '2.1.0' ],
67 silly audit   'is-extglob': [ '2.1.1' ],
67 silly audit   'is-glob': [ '4.0.3' ],
67 silly audit   'is-number': [ '7.0.0' ],
67 silly audit   isarray: [ '1.0.0' ],
67 silly audit   jiti: [ '2.5.1' ],
67 silly audit   jsonwebtoken: [ '9.0.2' ],
67 silly audit   jwa: [ '1.4.1' ],
67 silly audit   jws: [ '3.2.2' ],
67 silly audit   kareem: [ '2.6.3' ],
67 silly audit   lightningcss: [ '1.30.1' ],
67 silly audit   'lightningcss-darwin-arm64': [ '1.30.1' ],
67 silly audit   'lightningcss-darwin-x64': [ '1.30.1' ],
67 silly audit   'lightningcss-freebsd-x64': [ '1.30.1' ],
67 silly audit   'lightningcss-linux-arm-gnueabihf': [ '1.30.1' ],
67 silly audit   'lightningcss-linux-arm64-gnu': [ '1.30.1' ],
67 silly audit   'lightningcss-linux-arm64-musl': [ '1.30.1' ],
67 silly audit   'lightningcss-linux-x64-gnu': [ '1.30.1' ],
67 silly audit   'lightningcss-linux-x64-musl': [ '1.30.1' ],
67 silly audit   'lightningcss-win32-arm64-msvc': [ '1.30.1' ],
67 silly audit   'lightningcss-win32-x64-msvc': [ '1.30.1' ],
67 silly audit   'lodash.includes': [ '4.3.0' ],
67 silly audit   'lodash.isboolean': [ '3.0.3' ],
67 silly audit   'lodash.isinteger': [ '4.0.4' ],
67 silly audit   'lodash.isnumber': [ '3.0.3' ],
67 silly audit   'lodash.isplainobject': [ '4.0.6' ],
67 silly audit   'lodash.isstring': [ '4.0.1' ],
67 silly audit   'lodash.once': [ '4.1.1' ],
67 silly audit   'magic-string': [ '0.30.17' ],
67 silly audit   'math-intrinsics': [ '1.1.0' ],
67 silly audit   'memory-pager': [ '1.5.0' ],
67 silly audit   'merge-descriptors': [ '1.0.3' ],
67 silly audit   methods: [ '1.1.2' ],
67 silly audit   mime: [ '1.6.0' ],
67 silly audit   minimatch: [ '3.1.2' ],
67 silly audit   minimist: [ '1.2.8' ],
67 silly audit   minipass: [ '7.1.2' ],
67 silly audit   minizlib: [ '3.0.2' ],
67 silly audit   mkdirp: [ '0.5.6', '3.0.1' ],
67 silly audit   mongodb: [ '6.15.0' ],
67 silly audit   'mongodb-connection-string-url': [ '3.0.2' ],
67 silly audit   mongoose: [ '8.13.2' ],
67 silly audit   'motion-dom': [ '12.18.1' ],
67 silly audit   'motion-utils': [ '12.18.1' ],
67 silly audit   mpath: [ '0.9.0' ],
67 silly audit   mquery: [ '5.0.0' ],
67 silly audit   multer: [ '1.4.5-lts.2' ],
67 silly audit   nanoid: [ '3.3.11' ],
67 silly audit   negotiator: [ '0.6.3' ],
67 silly audit   'node-releases': [ '2.0.19' ],
67 silly audit   nodemon: [ '3.1.9' ],
67 silly audit   'normalize-path': [ '3.0.0' ],
67 silly audit   'normalize-range': [ '0.1.2' ],
67 silly audit   'object-assign': [ '4.1.1' ],
67 silly audit   'object-inspect': [ '1.13.4' ],
67 silly audit   'on-finished': [ '2.4.1' ],
67 silly audit   'on-headers': [ '1.0.2' ],
67 silly audit   parseurl: [ '1.3.3' ],
67 silly audit   'path-to-regexp': [ '0.1.12' ],
67 silly audit   picocolors: [ '1.1.1' ],
67 silly audit   picomatch: [ '2.3.1' ],
67 silly audit   postcss: [ '8.5.6' ],
67 silly audit   'postcss-value-parser': [ '4.2.0' ],
67 silly audit   'process-nextick-args': [ '2.0.1' ],
67 silly audit   'proxy-addr': [ '2.0.7' ],
67 silly audit   'proxy-from-env': [ '1.1.0' ],
67 silly audit   'pstree.remy': [ '1.1.8' ],
67 silly audit   punycode: [ '2.3.1' ],
67 silly audit   'random-bytes': [ '1.0.0' ],
67 silly audit   'range-parser': [ '1.2.1' ],
67 silly audit   react: [ '19.1.0' ],
67 silly audit   'react-dom': [ '19.1.0' ],
67 silly audit   'react-icons': [ '5.5.0' ],
67 silly audit   'react-router': [ '7.6.3' ],
67 silly audit   'react-router-dom': [ '7.6.3' ],
67 silly audit   'readable-stream': [ '2.3.8' ],
67 silly audit   'safe-buffer': [ '5.1.2', '5.2.1' ],
67 silly audit   readdirp: [ '3.6.0' ],
67 silly audit   'safer-buffer': [ '2.1.2' ],
67 silly audit   scheduler: [ '0.26.0' ],
67 silly audit   semver: [ '7.7.1' ],
67 silly audit   send: [ '0.19.0' ],
67 silly audit   'serve-static': [ '1.16.2' ],
67 silly audit   'set-cookie-parser': [ '2.7.1' ],
67 silly audit   setprototypeof: [ '1.2.0' ],
67 silly audit   'side-channel': [ '1.1.0' ],
67 silly audit   'side-channel-list': [ '1.0.0' ],
67 silly audit   'side-channel-map': [ '1.0.1' ],
67 silly audit   'side-channel-weakmap': [ '1.0.2' ],
67 silly audit   sift: [ '17.1.3' ],
67 silly audit   'simple-update-notifier': [ '2.0.0' ],
67 silly audit   'source-map-js': [ '1.2.1' ],
67 silly audit   'sparse-bitfield': [ '3.0.3' ],
67 silly audit   statuses: [ '2.0.1' ],
67 silly audit   streamsearch: [ '1.1.0' ],
67 silly audit   string_decoder: [ '1.1.1' ],
67 silly audit   'supports-color': [ '5.5.0' ],
67 silly audit   tailwindcss: [ '4.1.11' ],
67 silly audit   tapable: [ '2.2.2' ],
67 silly audit   tar: [ '7.4.3' ],
67 silly audit   'to-regex-range': [ '5.0.1' ],
67 silly audit   toidentifier: [ '1.0.1' ],
67 silly audit   touch: [ '3.1.1' ],
67 silly audit   tr46: [ '5.1.0' ],
67 silly audit   tslib: [ '2.8.1' ],
67 silly audit   typedarray: [ '0.0.6' ],
67 silly audit   'uid-safe': [ '2.1.5' ],
67 silly audit   undefsafe: [ '2.0.5' ],
67 silly audit   unpipe: [ '1.0.0' ],
67 silly audit   'update-browserslist-db': [ '1.1.3' ],
67 silly audit   'util-deprecate': [ '1.0.2' ],
67 silly audit   'utils-merge': [ '1.0.1' ],
67 silly audit   vary: [ '1.1.2' ],
67 silly audit   'webidl-conversions': [ '7.0.0' ],
67 silly audit   'whatwg-url': [ '14.2.0' ],
67 silly audit   xtend: [ '4.0.2' ],
67 silly audit   yallist: [ '5.0.0' ],
67 silly audit   mathjs: [ '14.6.0' ],
67 silly audit   '@babel/runtime': [ '7.28.3' ],
67 silly audit   'complex.js': [ '2.4.2' ],
67 silly audit   'decimal.js': [ '10.6.0' ],
67 silly audit   'escape-latex': [ '1.2.0' ],
67 silly audit   'javascript-natural-sort': [ '0.7.1' ],
67 silly audit   seedrandom: [ '3.0.5' ],
67 silly audit   'tiny-emitter': [ '2.1.0' ],
67 silly audit   'typed-function': [ '4.2.1' ],
67 silly audit   '@tailwindcss/oxide-wasm32-wasi': [ '4.1.11' ]
67 silly audit }
68 verbose reify failed optional dependency C:\Users\Avi\node_modules\lightningcss-win32-arm64-msvc
69 silly reify mark deleted [ 'C:\\Users\\Avi\\node_modules\\lightningcss-win32-arm64-msvc' ]
70 verbose reify failed optional dependency C:\Users\Avi\node_modules\lightningcss-linux-x64-musl
71 silly reify mark deleted [ 'C:\\Users\\Avi\\node_modules\\lightningcss-linux-x64-musl' ]
72 verbose reify failed optional dependency C:\Users\Avi\node_modules\lightningcss-linux-x64-gnu
73 silly reify mark deleted [ 'C:\\Users\\Avi\\node_modules\\lightningcss-linux-x64-gnu' ]
74 verbose reify failed optional dependency C:\Users\Avi\node_modules\lightningcss-linux-arm64-musl
75 silly reify mark deleted [ 'C:\\Users\\Avi\\node_modules\\lightningcss-linux-arm64-musl' ]
76 verbose reify failed optional dependency C:\Users\Avi\node_modules\lightningcss-linux-arm64-gnu
77 silly reify mark deleted [ 'C:\\Users\\Avi\\node_modules\\lightningcss-linux-arm64-gnu' ]
78 verbose reify failed optional dependency C:\Users\Avi\node_modules\lightningcss-linux-arm-gnueabihf
79 silly reify mark deleted [ 'C:\\Users\\Avi\\node_modules\\lightningcss-linux-arm-gnueabihf' ]
80 verbose reify failed optional dependency C:\Users\Avi\node_modules\lightningcss-freebsd-x64
81 silly reify mark deleted [ 'C:\\Users\\Avi\\node_modules\\lightningcss-freebsd-x64' ]
82 verbose reify failed optional dependency C:\Users\Avi\node_modules\lightningcss-darwin-x64
83 silly reify mark deleted [ 'C:\\Users\\Avi\\node_modules\\lightningcss-darwin-x64' ]
84 verbose reify failed optional dependency C:\Users\Avi\node_modules\lightningcss-darwin-arm64
85 silly reify mark deleted [ 'C:\\Users\\Avi\\node_modules\\lightningcss-darwin-arm64' ]
86 verbose reify failed optional dependency C:\Users\Avi\node_modules\fsevents
87 silly reify mark deleted [ 'C:\\Users\\Avi\\node_modules\\fsevents' ]
88 verbose reify failed optional dependency C:\Users\Avi\node_modules\@tailwindcss\oxide-win32-arm64-msvc
89 silly reify mark deleted [
89 silly reify   'C:\\Users\\Avi\\node_modules\\@tailwindcss\\oxide-win32-arm64-msvc'
89 silly reify ]
90 verbose reify failed optional dependency C:\Users\Avi\node_modules\@tailwindcss\oxide-linux-x64-musl
91 silly reify mark deleted [ 'C:\\Users\\Avi\\node_modules\\@tailwindcss\\oxide-linux-x64-musl' ]
92 verbose reify failed optional dependency C:\Users\Avi\node_modules\@tailwindcss\oxide-linux-x64-gnu
93 silly reify mark deleted [ 'C:\\Users\\Avi\\node_modules\\@tailwindcss\\oxide-linux-x64-gnu' ]
94 verbose reify failed optional dependency C:\Users\Avi\node_modules\@tailwindcss\oxide-linux-arm64-musl
95 silly reify mark deleted [
95 silly reify   'C:\\Users\\Avi\\node_modules\\@tailwindcss\\oxide-linux-arm64-musl'
95 silly reify ]
96 verbose reify failed optional dependency C:\Users\Avi\node_modules\@tailwindcss\oxide-linux-arm64-gnu
97 silly reify mark deleted [ 'C:\\Users\\Avi\\node_modules\\@tailwindcss\\oxide-linux-arm64-gnu' ]
98 verbose reify failed optional dependency C:\Users\Avi\node_modules\@tailwindcss\oxide-linux-arm-gnueabihf
99 silly reify mark deleted [
99 silly reify   'C:\\Users\\Avi\\node_modules\\@tailwindcss\\oxide-linux-arm-gnueabihf'
99 silly reify ]
100 verbose reify failed optional dependency C:\Users\Avi\node_modules\@tailwindcss\oxide-freebsd-x64
101 silly reify mark deleted [ 'C:\\Users\\Avi\\node_modules\\@tailwindcss\\oxide-freebsd-x64' ]
102 verbose reify failed optional dependency C:\Users\Avi\node_modules\@tailwindcss\oxide-darwin-x64
103 silly reify mark deleted [ 'C:\\Users\\Avi\\node_modules\\@tailwindcss\\oxide-darwin-x64' ]
104 verbose reify failed optional dependency C:\Users\Avi\node_modules\@tailwindcss\oxide-darwin-arm64
105 silly reify mark deleted [ 'C:\\Users\\Avi\\node_modules\\@tailwindcss\\oxide-darwin-arm64' ]
106 verbose reify failed optional dependency C:\Users\Avi\node_modules\@tailwindcss\oxide-android-arm64
107 silly reify mark deleted [ 'C:\\Users\\Avi\\node_modules\\@tailwindcss\\oxide-android-arm64' ]
108 http cache seedrandom@https://registry.npmjs.org/seedrandom/-/seedrandom-3.0.5.tgz 0ms (cache hit)
109 http cache tiny-emitter@https://registry.npmjs.org/tiny-emitter/-/tiny-emitter-2.1.0.tgz 0ms (cache hit)
110 http cache typed-function@https://registry.npmjs.org/typed-function/-/typed-function-4.2.1.tgz 0ms (cache hit)
111 http cache javascript-natural-sort@https://registry.npmjs.org/javascript-natural-sort/-/javascript-natural-sort-0.7.1.tgz 0ms (cache hit)
112 http cache escape-latex@https://registry.npmjs.org/escape-latex/-/escape-latex-1.2.0.tgz 0ms (cache hit)
113 http cache complex.js@https://registry.npmjs.org/complex.js/-/complex.js-2.4.2.tgz 0ms (cache hit)
114 http cache decimal.js@https://registry.npmjs.org/decimal.js/-/decimal.js-10.6.0.tgz 0ms (cache hit)
115 http cache @babel/runtime@https://registry.npmjs.org/@babel/runtime/-/runtime-7.28.3.tgz 0ms (cache hit)
116 http cache mathjs@https://registry.npmjs.org/mathjs/-/mathjs-14.6.0.tgz 0ms (cache hit)
117 http cache fraction.js@https://registry.npmjs.org/fraction.js/-/fraction.js-5.3.4.tgz 0ms (cache hit)
118 silly tarball no local data for seedrandom@https://registry.npmjs.org/seedrandom/-/seedrandom-3.0.5.tgz. Extracting by manifest.
119 silly tarball no local data for tiny-emitter@https://registry.npmjs.org/tiny-emitter/-/tiny-emitter-2.1.0.tgz. Extracting by manifest.
120 silly tarball no local data for typed-function@https://registry.npmjs.org/typed-function/-/typed-function-4.2.1.tgz. Extracting by manifest.
121 silly tarball no local data for javascript-natural-sort@https://registry.npmjs.org/javascript-natural-sort/-/javascript-natural-sort-0.7.1.tgz. Extracting by manifest.
122 silly tarball no local data for escape-latex@https://registry.npmjs.org/escape-latex/-/escape-latex-1.2.0.tgz. Extracting by manifest.
123 silly tarball no local data for complex.js@https://registry.npmjs.org/complex.js/-/complex.js-2.4.2.tgz. Extracting by manifest.
124 silly tarball no local data for decimal.js@https://registry.npmjs.org/decimal.js/-/decimal.js-10.6.0.tgz. Extracting by manifest.
125 silly tarball no local data for @babel/runtime@https://registry.npmjs.org/@babel/runtime/-/runtime-7.28.3.tgz. Extracting by manifest.
126 silly tarball no local data for mathjs@https://registry.npmjs.org/mathjs/-/mathjs-14.6.0.tgz. Extracting by manifest.
127 silly tarball no local data for fraction.js@https://registry.npmjs.org/fraction.js/-/fraction.js-5.3.4.tgz. Extracting by manifest.
128 http fetch GET 200 https://registry.npmjs.org/escape-latex/-/escape-latex-1.2.0.tgz 110ms (cache miss)
129 http fetch GET 200 https://registry.npmjs.org/complex.js/-/complex.js-2.4.2.tgz 132ms (cache miss)
130 http fetch GET 200 https://registry.npmjs.org/tiny-emitter/-/tiny-emitter-2.1.0.tgz 142ms (cache miss)
131 http fetch GET 200 https://registry.npmjs.org/decimal.js/-/decimal.js-10.6.0.tgz 153ms (cache miss)
132 http fetch GET 200 https://registry.npmjs.org/javascript-natural-sort/-/javascript-natural-sort-0.7.1.tgz 156ms (cache miss)
133 http fetch GET 200 https://registry.npmjs.org/typed-function/-/typed-function-4.2.1.tgz 164ms (cache miss)
134 http fetch GET 200 https://registry.npmjs.org/seedrandom/-/seedrandom-3.0.5.tgz 197ms (cache miss)
135 http fetch GET 200 https://registry.npmjs.org/fraction.js/-/fraction.js-5.3.4.tgz 278ms (cache miss)
136 http fetch POST 200 https://registry.npmjs.org/-/npm/v1/security/advisories/bulk 377ms
137 silly audit report {
137 silly audit report   'brace-expansion': [
137 silly audit report     {
137 silly audit report       id: 1105443,
137 silly audit report       url: 'https://github.com/advisories/GHSA-v6h2-p8h4-qcjw',
137 silly audit report       title: 'brace-expansion Regular Expression Denial of Service vulnerability',
137 silly audit report       severity: 'low',
137 silly audit report       vulnerable_versions: '>=1.0.0 <=1.1.11',
137 silly audit report       cwe: [Array],
137 silly audit report       cvss: [Object]
137 silly audit report     }
137 silly audit report   ],
137 silly audit report   'form-data': [
137 silly audit report     {
137 silly audit report       id: 1106507,
137 silly audit report       url: 'https://github.com/advisories/GHSA-fjxv-7rqg-78g4',
137 silly audit report       title: 'form-data uses unsafe random function in form-data for choosing boundary',
137 silly audit report       severity: 'critical',
137 silly audit report       vulnerable_versions: '>=4.0.0 <4.0.4',
137 silly audit report       cwe: [Array],
137 silly audit report       cvss: [Object]
137 silly audit report     }
137 silly audit report   ],
137 silly audit report   'on-headers': [
137 silly audit report     {
137 silly audit report       id: 1106812,
137 silly audit report       url: 'https://github.com/advisories/GHSA-76c9-3jph-rj3q',
137 silly audit report       title: 'on-headers is vulnerable to http response header manipulation',
137 silly audit report       severity: 'low',
137 silly audit report       vulnerable_versions: '<1.1.0',
137 silly audit report       cwe: [Array],
137 silly audit report       cvss: [Object]
137 silly audit report     }
137 silly audit report   ]
137 silly audit report }
138 silly packumentCache corgi:https://registry.npmjs.org/brace-expansion cache-miss
139 silly packumentCache corgi:https://registry.npmjs.org/form-data cache-miss
140 silly packumentCache corgi:https://registry.npmjs.org/on-headers cache-miss
141 http fetch GET 200 https://registry.npmjs.org/@babel/runtime/-/runtime-7.28.3.tgz 444ms (cache miss)
142 http fetch GET 200 https://registry.npmjs.org/on-headers 134ms (cache miss)
143 silly packumentCache corgi:https://registry.npmjs.org/on-headers set size:undefined disposed:false
144 http fetch GET 200 https://registry.npmjs.org/brace-expansion 136ms (cache miss)
145 silly packumentCache corgi:https://registry.npmjs.org/brace-expansion set size:undefined disposed:false
146 http fetch GET 200 https://registry.npmjs.org/form-data 142ms (cache miss)
147 silly packumentCache corgi:https://registry.npmjs.org/form-data set size:undefined disposed:false
148 silly packumentCache corgi:https://registry.npmjs.org/minimatch cache-miss
149 http fetch GET 200 https://registry.npmjs.org/minimatch 88ms (cache miss)
150 silly packumentCache corgi:https://registry.npmjs.org/minimatch set size:undefined disposed:false
151 silly packumentCache corgi:https://registry.npmjs.org/axios cache-miss
152 http fetch GET 200 https://registry.npmjs.org/axios 87ms (cache miss)
153 silly packumentCache corgi:https://registry.npmjs.org/axios set size:undefined disposed:false
154 silly packumentCache corgi:https://registry.npmjs.org/express-session cache-miss
155 http fetch GET 200 https://registry.npmjs.org/express-session 70ms (cache miss)
156 silly packumentCache corgi:https://registry.npmjs.org/express-session set size:undefined disposed:false
157 http fetch GET 200 https://registry.npmjs.org/mathjs/-/mathjs-14.6.0.tgz 3426ms (cache miss)
158 silly ADD node_modules/typed-function
159 silly ADD node_modules/tiny-emitter
160 silly ADD node_modules/seedrandom
161 silly ADD node_modules/javascript-natural-sort
162 silly ADD node_modules/escape-latex
163 silly ADD node_modules/decimal.js
164 silly ADD node_modules/complex.js
165 silly ADD node_modules/@babel/runtime
166 silly ADD node_modules/mathjs
167 silly ADD node_modules/mathjs/node_modules/fraction.js
168 silly ADD
169 silly ADD
170 silly ADD
171 silly ADD
172 silly ADD
173 silly ADD
174 silly ADD
175 silly ADD
176 silly ADD
177 silly ADD
178 silly ADD
179 silly ADD
180 silly ADD
181 silly ADD
182 silly ADD
183 silly ADD
184 silly ADD
185 silly ADD
186 silly ADD
187 silly ADD
188 silly ADD
189 verbose cwd C:\Users\Avi\OneDrive\Desktop\projects\profile-md-maker
190 verbose os Windows_NT 10.0.22631
191 verbose node v23.6.1
192 verbose npm  v10.9.2
193 notice
193 notice New [31mmajor[39m version of npm available! [31m10.9.2[39m -> [34m11.5.2[39m
193 notice Changelog: [34mhttps://github.com/npm/cli/releases/tag/v11.5.2[39m
193 notice To update run: [4mnpm install -g npm@11.5.2[24m
193 notice  { force: true, [Symbol(proc-log.meta)]: true }
194 verbose exit 0
195 info ok
