0 verbose cli C:\Program Files\nodejs\node.exe C:\Program Files\nodejs\node_modules\npm\bin\npm-cli.js
1 info using npm@10.9.2
2 info using node@v23.6.1
3 silly config load:file:C:\Program Files\nodejs\node_modules\npm\npmrc
4 silly config load:file:C:\Users\Avi\.npmrc
5 silly config load:file:C:\Users\Avi\OneDrive\Desktop\projects\profile-md-maker\UsersAviAppDataRoamingnpm\etc\npmrc
6 verbose title npm install gradualblur mathjs
7 verbose argv "install" "gradualblur" "mathjs"
8 verbose logfile logs-max:10 dir:C:\Users\Avi\OneDrive\Desktop\projects\profile-md-maker\UsersAviAppDataLocalnpm-cache\_logs\2025-08-27T07_43_53_052Z-
9 verbose logfile C:\Users\Avi\OneDrive\Desktop\projects\profile-md-maker\UsersAviAppDataLocalnpm-cache\_logs\2025-08-27T07_43_53_052Z-debug-0.log
10 silly logfile done cleaning log files
11 silly packumentCache heap:2197815296 maxSize:549453824 maxEntrySize:274726912
12 silly idealTree buildDeps
13 silly fetch manifest mathjs@^14.6.0
14 silly packumentCache full:https://registry.npmjs.org/mathjs cache-miss
15 http cache https://registry.npmjs.org/mathjs 97ms (cache hit)
16 silly packumentCache full:https://registry.npmjs.org/mathjs set size:3082327 disposed:false
17 silly fetch manifest gradualblur@*
18 silly packumentCache full:https://registry.npmjs.org/gradualblur cache-miss
19 http fetch GET 200 https://registry.npmjs.org/gradualblur 1347ms (cache miss)
20 silly packumentCache full:https://registry.npmjs.org/gradualblur set size:undefined disposed:false
21 silly fetch manifest react@^19.0.0
22 silly packumentCache full:https://registry.npmjs.org/react cache-miss
23 http fetch GET 200 https://registry.npmjs.org/react 305ms (cache miss)
24 silly packumentCache full:https://registry.npmjs.org/react set size:undefined disposed:false
25 silly placeDep ROOT gradualblur@2.3.4 OK for:  want: *
26 silly placeDep ROOT mathjs@14.6.0 REPLACE for:  want: ^14.6.0
27 silly fetch manifest commander@^11.0.0
28 silly packumentCache full:https://registry.npmjs.org/commander cache-miss
29 silly fetch manifest mathjs@^11.11.0
30 silly packumentCache full:https://registry.npmjs.org/mathjs cache-miss
31 http cache https://registry.npmjs.org/mathjs 15ms (cache hit)
32 silly packumentCache full:https://registry.npmjs.org/mathjs set size:3082327 disposed:false
33 http fetch GET 200 https://registry.npmjs.org/commander 88ms (cache miss)
34 silly packumentCache full:https://registry.npmjs.org/commander set size:undefined disposed:false
35 silly placeDep ROOT commander@11.1.0 OK for: gradualblur@2.3.4 want: ^11.0.0
36 silly placeDep node_modules/gradualblur mathjs@11.12.0 OK for: gradualblur@2.3.4 want: ^11.11.0
37 silly fetch manifest fraction.js@4.3.4
38 silly packumentCache full:https://registry.npmjs.org/fraction.js cache-miss
39 http cache https://registry.npmjs.org/fraction.js 11ms (cache hit)
40 silly packumentCache full:https://registry.npmjs.org/fraction.js set size:149386 disposed:false
41 silly placeDep node_modules/gradualblur fraction.js@4.3.4 OK for: mathjs@11.12.0 want: 4.3.4
42 silly reify moves {}
43 verbose reify failed optional dependency C:\Users\Avi\node_modules\@tailwindcss\oxide-wasm32-wasi
44 silly reify mark deleted [ 'C:\\Users\\Avi\\node_modules\\@tailwindcss\\oxide-wasm32-wasi' ]
45 silly audit bulk request {
45 silly audit   '@alloc/quick-lru': [ '5.2.0' ],
45 silly audit   '@ampproject/remapping': [ '2.3.0' ],
45 silly audit   '@babel/runtime': [ '7.28.3' ],
45 silly audit   '@isaacs/fs-minipass': [ '4.0.1' ],
45 silly audit   '@jridgewell/gen-mapping': [ '0.3.12' ],
45 silly audit   '@jridgewell/resolve-uri': [ '3.1.2' ],
45 silly audit   '@jridgewell/sourcemap-codec': [ '1.5.4' ],
45 silly audit   '@jridgewell/trace-mapping': [ '0.3.29' ],
45 silly audit   '@mongodb-js/saslprep': [ '1.2.2' ],
45 silly audit   '@tailwindcss/node': [ '4.1.11' ],
45 silly audit   '@tailwindcss/oxide': [ '4.1.11' ],
45 silly audit   '@tailwindcss/oxide-android-arm64': [ '4.1.11' ],
45 silly audit   '@tailwindcss/oxide-darwin-arm64': [ '4.1.11' ],
45 silly audit   '@tailwindcss/oxide-darwin-x64': [ '4.1.11' ],
45 silly audit   '@tailwindcss/oxide-freebsd-x64': [ '4.1.11' ],
45 silly audit   '@tailwindcss/oxide-linux-arm-gnueabihf': [ '4.1.11' ],
45 silly audit   '@tailwindcss/oxide-linux-arm64-gnu': [ '4.1.11' ],
45 silly audit   '@tailwindcss/oxide-linux-arm64-musl': [ '4.1.11' ],
45 silly audit   '@tailwindcss/oxide-linux-x64-gnu': [ '4.1.11' ],
45 silly audit   '@tailwindcss/oxide-linux-x64-musl': [ '4.1.11' ],
45 silly audit   '@tailwindcss/oxide-win32-arm64-msvc': [ '4.1.11' ],
45 silly audit   '@tailwindcss/oxide-win32-x64-msvc': [ '4.1.11' ],
45 silly audit   '@tailwindcss/postcss': [ '4.1.11' ],
45 silly audit   '@types/webidl-conversions': [ '7.0.3' ],
45 silly audit   '@types/whatwg-url': [ '11.0.5' ],
45 silly audit   accepts: [ '1.3.8' ],
45 silly audit   anymatch: [ '3.1.3' ],
45 silly audit   'append-field': [ '1.0.0' ],
45 silly audit   'array-flatten': [ '1.1.1' ],
45 silly audit   asynckit: [ '0.4.0' ],
45 silly audit   autoprefixer: [ '10.4.21' ],
45 silly audit   axios: [ '1.10.0' ],
45 silly audit   'balanced-match': [ '1.0.2' ],
45 silly audit   bcryptjs: [ '3.0.2' ],
45 silly audit   'binary-extensions': [ '2.3.0' ],
45 silly audit   'body-parser': [ '2.2.0', '1.20.3' ],
45 silly audit   debug: [ '4.4.1', '2.6.9', '4.4.0' ],
45 silly audit   'media-typer': [ '1.1.0', '0.3.0' ],
45 silly audit   'mime-db': [ '1.54.0', '1.52.0' ],
45 silly audit   'mime-types': [ '3.0.1', '2.1.35' ],
45 silly audit   ms: [ '2.1.3', '2.0.0' ],
45 silly audit   qs: [ '6.14.0', '6.13.0' ],
45 silly audit   'type-is': [ '2.0.1', '1.6.18' ],
45 silly audit   'brace-expansion': [ '1.1.11' ],
45 silly audit   braces: [ '3.0.3' ],
45 silly audit   browserslist: [ '4.24.4' ],
45 silly audit   bson: [ '6.10.3' ],
45 silly audit   'buffer-equal-constant-time': [ '1.0.1' ],
45 silly audit   'buffer-from': [ '1.1.2' ],
45 silly audit   busboy: [ '1.6.0' ],
45 silly audit   bytes: [ '3.1.2' ],
45 silly audit   'call-bind-apply-helpers': [ '1.0.2' ],
45 silly audit   'call-bound': [ '1.0.4' ],
45 silly audit   'caniuse-lite': [ '1.0.30001712' ],
45 silly audit   chokidar: [ '3.6.0' ],
45 silly audit   chownr: [ '3.0.0' ],
45 silly audit   'combined-stream': [ '1.0.8' ],
45 silly audit   'complex.js': [ '2.4.2' ],
45 silly audit   'concat-map': [ '0.0.1' ],
45 silly audit   'concat-stream': [ '1.6.2' ],
45 silly audit   'content-disposition': [ '0.5.4' ],
45 silly audit   'content-type': [ '1.0.5' ],
45 silly audit   cookie: [ '0.7.1', '0.7.2', '1.0.2' ],
45 silly audit   'cookie-signature': [ '1.0.6', '1.0.7' ],
45 silly audit   'core-util-is': [ '1.0.3' ],
45 silly audit   cors: [ '2.8.5' ],
45 silly audit   'decimal.js': [ '10.6.0' ],
45 silly audit   'delayed-stream': [ '1.0.0' ],
45 silly audit   depd: [ '2.0.0' ],
45 silly audit   destroy: [ '1.2.0' ],
45 silly audit   'detect-libc': [ '2.0.4' ],
45 silly audit   dotenv: [ '16.4.7' ],
45 silly audit   'dunder-proto': [ '1.0.1' ],
45 silly audit   'ecdsa-sig-formatter': [ '1.0.11' ],
45 silly audit   'ee-first': [ '1.1.1' ],
45 silly audit   'electron-to-chromium': [ '1.5.135' ],
45 silly audit   encodeurl: [ '2.0.0', '1.0.2' ],
45 silly audit   'enhanced-resolve': [ '5.18.2' ],
45 silly audit   'es-define-property': [ '1.0.1' ],
45 silly audit   'es-errors': [ '1.3.0' ],
45 silly audit   'es-object-atoms': [ '1.1.1' ],
45 silly audit   'es-set-tostringtag': [ '2.1.0' ],
45 silly audit   escalade: [ '3.2.0' ],
45 silly audit   'escape-html': [ '1.0.3' ],
45 silly audit   'escape-latex': [ '1.2.0' ],
45 silly audit   etag: [ '1.8.1' ],
45 silly audit   express: [ '4.21.2' ],
45 silly audit   'express-session': [ '1.18.1' ],
45 silly audit   'iconv-lite': [ '0.4.24', '0.6.3' ],
45 silly audit   'raw-body': [ '2.5.2', '3.0.0' ],
45 silly audit   'fill-range': [ '7.1.1' ],
45 silly audit   finalhandler: [ '1.3.1' ],
45 silly audit   'follow-redirects': [ '1.15.9' ],
45 silly audit   'form-data': [ '4.0.2' ],
45 silly audit   forwarded: [ '0.2.0' ],
45 silly audit   'fraction.js': [ '4.3.7', '5.3.4', '4.3.4' ],
45 silly audit   'framer-motion': [ '12.18.1' ],
45 silly audit   fresh: [ '0.5.2' ],
45 silly audit   fsevents: [ '2.3.3' ],
45 silly audit   'function-bind': [ '1.1.2' ],
45 silly audit   'get-intrinsic': [ '1.3.0' ],
45 silly audit   'get-proto': [ '1.0.1' ],
45 silly audit   'glob-parent': [ '5.1.2' ],
45 silly audit   gopd: [ '1.2.0' ],
45 silly audit   'graceful-fs': [ '4.2.11' ],
45 silly audit   'has-flag': [ '3.0.0' ],
45 silly audit   'has-symbols': [ '1.1.0' ],
45 silly audit   'has-tostringtag': [ '1.0.2' ],
45 silly audit   hasown: [ '2.0.2' ],
45 silly audit   'http-errors': [ '2.0.0' ],
45 silly audit   'ignore-by-default': [ '1.0.1' ],
45 silly audit   inherits: [ '2.0.4' ],
45 silly audit   'ipaddr.js': [ '1.9.1' ],
45 silly audit   'is-binary-path': [ '2.1.0' ],
45 silly audit   'is-extglob': [ '2.1.1' ],
45 silly audit   'is-glob': [ '4.0.3' ],
45 silly audit   'is-number': [ '7.0.0' ],
45 silly audit   isarray: [ '1.0.0' ],
45 silly audit   'javascript-natural-sort': [ '0.7.1' ],
45 silly audit   jiti: [ '2.5.1' ],
45 silly audit   jsonwebtoken: [ '9.0.2' ],
45 silly audit   jwa: [ '1.4.1' ],
45 silly audit   jws: [ '3.2.2' ],
45 silly audit   kareem: [ '2.6.3' ],
45 silly audit   lightningcss: [ '1.30.1' ],
45 silly audit   'lightningcss-darwin-arm64': [ '1.30.1' ],
45 silly audit   'lightningcss-darwin-x64': [ '1.30.1' ],
45 silly audit   'lightningcss-freebsd-x64': [ '1.30.1' ],
45 silly audit   'lightningcss-linux-arm-gnueabihf': [ '1.30.1' ],
45 silly audit   'lightningcss-linux-arm64-gnu': [ '1.30.1' ],
45 silly audit   'lightningcss-linux-arm64-musl': [ '1.30.1' ],
45 silly audit   'lightningcss-linux-x64-gnu': [ '1.30.1' ],
45 silly audit   'lightningcss-linux-x64-musl': [ '1.30.1' ],
45 silly audit   'lightningcss-win32-arm64-msvc': [ '1.30.1' ],
45 silly audit   'lightningcss-win32-x64-msvc': [ '1.30.1' ],
45 silly audit   'lodash.includes': [ '4.3.0' ],
45 silly audit   'lodash.isboolean': [ '3.0.3' ],
45 silly audit   'lodash.isinteger': [ '4.0.4' ],
45 silly audit   'lodash.isnumber': [ '3.0.3' ],
45 silly audit   'lodash.isplainobject': [ '4.0.6' ],
45 silly audit   'lodash.isstring': [ '4.0.1' ],
45 silly audit   'lodash.once': [ '4.1.1' ],
45 silly audit   'magic-string': [ '0.30.17' ],
45 silly audit   'math-intrinsics': [ '1.1.0' ],
45 silly audit   'memory-pager': [ '1.5.0' ],
45 silly audit   'merge-descriptors': [ '1.0.3' ],
45 silly audit   methods: [ '1.1.2' ],
45 silly audit   mime: [ '1.6.0' ],
45 silly audit   minimatch: [ '3.1.2' ],
45 silly audit   minimist: [ '1.2.8' ],
45 silly audit   minipass: [ '7.1.2' ],
45 silly audit   minizlib: [ '3.0.2' ],
45 silly audit   mkdirp: [ '0.5.6', '3.0.1' ],
45 silly audit   mongodb: [ '6.15.0' ],
45 silly audit   'mongodb-connection-string-url': [ '3.0.2' ],
45 silly audit   mongoose: [ '8.13.2' ],
45 silly audit   'motion-dom': [ '12.18.1' ],
45 silly audit   'motion-utils': [ '12.18.1' ],
45 silly audit   mpath: [ '0.9.0' ],
45 silly audit   mquery: [ '5.0.0' ],
45 silly audit   multer: [ '1.4.5-lts.2' ],
45 silly audit   nanoid: [ '3.3.11' ],
45 silly audit   negotiator: [ '0.6.3' ],
45 silly audit   'node-releases': [ '2.0.19' ],
45 silly audit   nodemon: [ '3.1.9' ],
45 silly audit   'normalize-path': [ '3.0.0' ],
45 silly audit   'normalize-range': [ '0.1.2' ],
45 silly audit   'object-assign': [ '4.1.1' ],
45 silly audit   'object-inspect': [ '1.13.4' ],
45 silly audit   'on-finished': [ '2.4.1' ],
45 silly audit   'on-headers': [ '1.0.2' ],
45 silly audit   parseurl: [ '1.3.3' ],
45 silly audit   'path-to-regexp': [ '0.1.12' ],
45 silly audit   picocolors: [ '1.1.1' ],
45 silly audit   picomatch: [ '2.3.1' ],
45 silly audit   postcss: [ '8.5.6' ],
45 silly audit   'postcss-value-parser': [ '4.2.0' ],
45 silly audit   'process-nextick-args': [ '2.0.1' ],
45 silly audit   'proxy-addr': [ '2.0.7' ],
45 silly audit   'proxy-from-env': [ '1.1.0' ],
45 silly audit   'pstree.remy': [ '1.1.8' ],
45 silly audit   punycode: [ '2.3.1' ],
45 silly audit   'random-bytes': [ '1.0.0' ],
45 silly audit   'range-parser': [ '1.2.1' ],
45 silly audit   react: [ '19.1.0' ],
45 silly audit   'react-dom': [ '19.1.0' ],
45 silly audit   'react-icons': [ '5.5.0' ],
45 silly audit   'react-router': [ '7.6.3' ],
45 silly audit   'react-router-dom': [ '7.6.3' ],
45 silly audit   'readable-stream': [ '2.3.8' ],
45 silly audit   'safe-buffer': [ '5.1.2', '5.2.1' ],
45 silly audit   readdirp: [ '3.6.0' ],
45 silly audit   'safer-buffer': [ '2.1.2' ],
45 silly audit   scheduler: [ '0.26.0' ],
45 silly audit   seedrandom: [ '3.0.5' ],
45 silly audit   semver: [ '7.7.1' ],
45 silly audit   send: [ '0.19.0' ],
45 silly audit   'serve-static': [ '1.16.2' ],
45 silly audit   'set-cookie-parser': [ '2.7.1' ],
45 silly audit   setprototypeof: [ '1.2.0' ],
45 silly audit   'side-channel': [ '1.1.0' ],
45 silly audit   'side-channel-list': [ '1.0.0' ],
45 silly audit   'side-channel-map': [ '1.0.1' ],
45 silly audit   'side-channel-weakmap': [ '1.0.2' ],
45 silly audit   sift: [ '17.1.3' ],
45 silly audit   'simple-update-notifier': [ '2.0.0' ],
45 silly audit   'source-map-js': [ '1.2.1' ],
45 silly audit   'sparse-bitfield': [ '3.0.3' ],
45 silly audit   statuses: [ '2.0.1' ],
45 silly audit   streamsearch: [ '1.1.0' ],
45 silly audit   string_decoder: [ '1.1.1' ],
45 silly audit   'supports-color': [ '5.5.0' ],
45 silly audit   tailwindcss: [ '4.1.11' ],
45 silly audit   tapable: [ '2.2.2' ],
45 silly audit   tar: [ '7.4.3' ],
45 silly audit   'tiny-emitter': [ '2.1.0' ],
45 silly audit   'to-regex-range': [ '5.0.1' ],
45 silly audit   toidentifier: [ '1.0.1' ],
45 silly audit   touch: [ '3.1.1' ],
45 silly audit   tr46: [ '5.1.0' ],
45 silly audit   tslib: [ '2.8.1' ],
45 silly audit   'typed-function': [ '4.2.1' ],
45 silly audit   typedarray: [ '0.0.6' ],
45 silly audit   'uid-safe': [ '2.1.5' ],
45 silly audit   undefsafe: [ '2.0.5' ],
45 silly audit   unpipe: [ '1.0.0' ],
45 silly audit   'update-browserslist-db': [ '1.1.3' ],
45 silly audit   'util-deprecate': [ '1.0.2' ],
45 silly audit   'utils-merge': [ '1.0.1' ],
45 silly audit   vary: [ '1.1.2' ],
45 silly audit   'webidl-conversions': [ '7.0.0' ],
45 silly audit   'whatwg-url': [ '14.2.0' ],
45 silly audit   xtend: [ '4.0.2' ],
45 silly audit   yallist: [ '5.0.0' ],
45 silly audit   gradualblur: [ '2.3.4' ],
45 silly audit   mathjs: [ '14.6.0', '11.12.0' ],
45 silly audit   commander: [ '11.1.0' ],
45 silly audit   '@tailwindcss/oxide-wasm32-wasi': [ '4.1.11' ]
45 silly audit }
46 verbose reify failed optional dependency C:\Users\Avi\node_modules\lightningcss-win32-arm64-msvc
47 silly reify mark deleted [ 'C:\\Users\\Avi\\node_modules\\lightningcss-win32-arm64-msvc' ]
48 verbose reify failed optional dependency C:\Users\Avi\node_modules\lightningcss-linux-x64-musl
49 silly reify mark deleted [ 'C:\\Users\\Avi\\node_modules\\lightningcss-linux-x64-musl' ]
50 verbose reify failed optional dependency C:\Users\Avi\node_modules\lightningcss-linux-x64-gnu
51 silly reify mark deleted [ 'C:\\Users\\Avi\\node_modules\\lightningcss-linux-x64-gnu' ]
52 verbose reify failed optional dependency C:\Users\Avi\node_modules\lightningcss-linux-arm64-musl
53 silly reify mark deleted [ 'C:\\Users\\Avi\\node_modules\\lightningcss-linux-arm64-musl' ]
54 verbose reify failed optional dependency C:\Users\Avi\node_modules\lightningcss-linux-arm64-gnu
55 silly reify mark deleted [ 'C:\\Users\\Avi\\node_modules\\lightningcss-linux-arm64-gnu' ]
56 verbose reify failed optional dependency C:\Users\Avi\node_modules\lightningcss-linux-arm-gnueabihf
57 silly reify mark deleted [ 'C:\\Users\\Avi\\node_modules\\lightningcss-linux-arm-gnueabihf' ]
58 verbose reify failed optional dependency C:\Users\Avi\node_modules\lightningcss-freebsd-x64
59 silly reify mark deleted [ 'C:\\Users\\Avi\\node_modules\\lightningcss-freebsd-x64' ]
60 verbose reify failed optional dependency C:\Users\Avi\node_modules\lightningcss-darwin-x64
61 silly reify mark deleted [ 'C:\\Users\\Avi\\node_modules\\lightningcss-darwin-x64' ]
62 verbose reify failed optional dependency C:\Users\Avi\node_modules\lightningcss-darwin-arm64
63 silly reify mark deleted [ 'C:\\Users\\Avi\\node_modules\\lightningcss-darwin-arm64' ]
64 verbose reify failed optional dependency C:\Users\Avi\node_modules\fsevents
65 silly reify mark deleted [ 'C:\\Users\\Avi\\node_modules\\fsevents' ]
66 verbose reify failed optional dependency C:\Users\Avi\node_modules\@tailwindcss\oxide-win32-arm64-msvc
67 silly reify mark deleted [
67 silly reify   'C:\\Users\\Avi\\node_modules\\@tailwindcss\\oxide-win32-arm64-msvc'
67 silly reify ]
68 verbose reify failed optional dependency C:\Users\Avi\node_modules\@tailwindcss\oxide-linux-x64-musl
69 silly reify mark deleted [ 'C:\\Users\\Avi\\node_modules\\@tailwindcss\\oxide-linux-x64-musl' ]
70 verbose reify failed optional dependency C:\Users\Avi\node_modules\@tailwindcss\oxide-linux-x64-gnu
71 silly reify mark deleted [ 'C:\\Users\\Avi\\node_modules\\@tailwindcss\\oxide-linux-x64-gnu' ]
72 verbose reify failed optional dependency C:\Users\Avi\node_modules\@tailwindcss\oxide-linux-arm64-musl
73 silly reify mark deleted [
73 silly reify   'C:\\Users\\Avi\\node_modules\\@tailwindcss\\oxide-linux-arm64-musl'
73 silly reify ]
74 verbose reify failed optional dependency C:\Users\Avi\node_modules\@tailwindcss\oxide-linux-arm64-gnu
75 silly reify mark deleted [ 'C:\\Users\\Avi\\node_modules\\@tailwindcss\\oxide-linux-arm64-gnu' ]
76 verbose reify failed optional dependency C:\Users\Avi\node_modules\@tailwindcss\oxide-linux-arm-gnueabihf
77 silly reify mark deleted [
77 silly reify   'C:\\Users\\Avi\\node_modules\\@tailwindcss\\oxide-linux-arm-gnueabihf'
77 silly reify ]
78 verbose reify failed optional dependency C:\Users\Avi\node_modules\@tailwindcss\oxide-freebsd-x64
79 silly reify mark deleted [ 'C:\\Users\\Avi\\node_modules\\@tailwindcss\\oxide-freebsd-x64' ]
80 verbose reify failed optional dependency C:\Users\Avi\node_modules\@tailwindcss\oxide-darwin-x64
81 silly reify mark deleted [ 'C:\\Users\\Avi\\node_modules\\@tailwindcss\\oxide-darwin-x64' ]
82 verbose reify failed optional dependency C:\Users\Avi\node_modules\@tailwindcss\oxide-darwin-arm64
83 silly reify mark deleted [ 'C:\\Users\\Avi\\node_modules\\@tailwindcss\\oxide-darwin-arm64' ]
84 verbose reify failed optional dependency C:\Users\Avi\node_modules\@tailwindcss\oxide-android-arm64
85 silly reify mark deleted [ 'C:\\Users\\Avi\\node_modules\\@tailwindcss\\oxide-android-arm64' ]
86 http cache commander@https://registry.npmjs.org/commander/-/commander-11.1.0.tgz 0ms (cache hit)
87 http cache gradualblur@https://registry.npmjs.org/gradualblur/-/gradualblur-2.3.4.tgz 0ms (cache hit)
88 http cache mathjs@https://registry.npmjs.org/mathjs/-/mathjs-11.12.0.tgz 0ms (cache hit)
89 silly tarball no local data for commander@https://registry.npmjs.org/commander/-/commander-11.1.0.tgz. Extracting by manifest.
90 silly tarball no local data for gradualblur@https://registry.npmjs.org/gradualblur/-/gradualblur-2.3.4.tgz. Extracting by manifest.
91 silly tarball no local data for mathjs@https://registry.npmjs.org/mathjs/-/mathjs-11.12.0.tgz. Extracting by manifest.
92 http cache fraction.js@https://registry.npmjs.org/fraction.js/-/fraction.js-4.3.4.tgz 0ms (cache hit)
93 silly tarball no local data for fraction.js@https://registry.npmjs.org/fraction.js/-/fraction.js-4.3.4.tgz. Extracting by manifest.
94 http fetch GET 200 https://registry.npmjs.org/fraction.js/-/fraction.js-4.3.4.tgz 253ms (cache miss)
95 http fetch GET 200 https://registry.npmjs.org/commander/-/commander-11.1.0.tgz 273ms (cache miss)
96 http fetch POST 200 https://registry.npmjs.org/-/npm/v1/security/advisories/bulk 335ms
97 silly audit report {
97 silly audit report   'brace-expansion': [
97 silly audit report     {
97 silly audit report       id: 1105443,
97 silly audit report       url: 'https://github.com/advisories/GHSA-v6h2-p8h4-qcjw',
97 silly audit report       title: 'brace-expansion Regular Expression Denial of Service vulnerability',
97 silly audit report       severity: 'low',
97 silly audit report       vulnerable_versions: '>=1.0.0 <=1.1.11',
97 silly audit report       cwe: [Array],
97 silly audit report       cvss: [Object]
97 silly audit report     }
97 silly audit report   ],
97 silly audit report   'form-data': [
97 silly audit report     {
97 silly audit report       id: 1106507,
97 silly audit report       url: 'https://github.com/advisories/GHSA-fjxv-7rqg-78g4',
97 silly audit report       title: 'form-data uses unsafe random function in form-data for choosing boundary',
97 silly audit report       severity: 'critical',
97 silly audit report       vulnerable_versions: '>=4.0.0 <4.0.4',
97 silly audit report       cwe: [Array],
97 silly audit report       cvss: [Object]
97 silly audit report     }
97 silly audit report   ],
97 silly audit report   'on-headers': [
97 silly audit report     {
97 silly audit report       id: 1106812,
97 silly audit report       url: 'https://github.com/advisories/GHSA-76c9-3jph-rj3q',
97 silly audit report       title: 'on-headers is vulnerable to http response header manipulation',
97 silly audit report       severity: 'low',
97 silly audit report       vulnerable_versions: '<1.1.0',
97 silly audit report       cwe: [Array],
97 silly audit report       cvss: [Object]
97 silly audit report     }
97 silly audit report   ]
97 silly audit report }
98 silly packumentCache corgi:https://registry.npmjs.org/brace-expansion cache-miss
99 silly packumentCache corgi:https://registry.npmjs.org/form-data cache-miss
100 silly packumentCache corgi:https://registry.npmjs.org/on-headers cache-miss
101 http cache https://registry.npmjs.org/form-data 13ms (cache hit)
102 silly packumentCache corgi:https://registry.npmjs.org/form-data set size:50252 disposed:false
103 http cache https://registry.npmjs.org/brace-expansion 14ms (cache hit)
104 silly packumentCache corgi:https://registry.npmjs.org/brace-expansion set size:16192 disposed:false
105 http cache https://registry.npmjs.org/on-headers 14ms (cache hit)
106 silly packumentCache corgi:https://registry.npmjs.org/on-headers set size:4386 disposed:false
107 silly packumentCache corgi:https://registry.npmjs.org/minimatch cache-miss
108 http cache https://registry.npmjs.org/minimatch 6ms (cache hit)
109 silly packumentCache corgi:https://registry.npmjs.org/minimatch set size:143741 disposed:false
110 silly packumentCache corgi:https://registry.npmjs.org/axios cache-miss
111 http cache https://registry.npmjs.org/axios 7ms (cache hit)
112 silly packumentCache corgi:https://registry.npmjs.org/axios set size:246813 disposed:false
113 silly packumentCache corgi:https://registry.npmjs.org/express-session cache-miss
114 http cache https://registry.npmjs.org/express-session 8ms (cache hit)
115 silly packumentCache corgi:https://registry.npmjs.org/express-session set size:62752 disposed:false
116 http fetch GET 200 https://registry.npmjs.org/gradualblur/-/gradualblur-2.3.4.tgz 1072ms (cache miss)
117 http fetch GET 200 https://registry.npmjs.org/mathjs/-/mathjs-11.12.0.tgz 2913ms (cache miss)
118 silly ADD node_modules/commander
119 silly ADD node_modules/gradualblur
120 silly ADD node_modules/gradualblur/node_modules/fraction.js
121 silly ADD node_modules/gradualblur/node_modules/mathjs
122 silly ADD
123 silly ADD
124 silly ADD
125 silly ADD
126 silly ADD
127 silly ADD
128 silly ADD
129 silly ADD
130 silly ADD
131 silly ADD
132 silly ADD
133 silly ADD
134 silly ADD
135 silly ADD
136 silly ADD
137 silly ADD
138 silly ADD
139 silly ADD
140 silly ADD
141 silly ADD
142 silly ADD
143 verbose cwd C:\Users\Avi\OneDrive\Desktop\projects\profile-md-maker
144 verbose os Windows_NT 10.0.22631
145 verbose node v23.6.1
146 verbose npm  v10.9.2
147 verbose exit 0
148 info ok
